<?xml version="1.0" encoding="UTF-8" ?>
<testsuite errors="0" failures="0" hostname="KI0158" name="AutomationRunner.AutomationRunner" skipped="0" tests="6" time="29.625" timestamp="2016-11-16T16:54:03">
  <properties>
    <property name="java.vendor" value="Oracle Corporation" />
    <property name="env.MOZ_PLUGIN_PATH" value="C:\Program Files (x86)\Foxit Software\Foxit Reader\plugins\" />
    <property name="env.USERDOMAIN_ROAMINGPROFILE" value="KI0158" />
    <property name="env.JENKINS_SERVER_COOKIE" value="01ee5fec1aa35264" />
    <property name="sun.java.launcher" value="SUN_STANDARD" />
    <property name="env.TVT" value="C:\Program Files (x86)\Lenovo" />
    <property name="sun.management.compiler" value="HotSpot Client Compiler" />
    <property name="env.PROMPT" value="$P$G" />
    <property name="os.name" value="Windows 10" />
    <property name="env.FP_NO_HOST_CHECK" value="NO" />
    <property name="sun.boot.class.path" value="C:\Program Files (x86)\Java\jre1.8.0_101\lib\resources.jar;C:\Program Files (x86)\Java\jre1.8.0_101\lib\rt.jar;C:\Program Files (x86)\Java\jre1.8.0_101\lib\sunrsasign.jar;C:\Program Files (x86)\Java\jre1.8.0_101\lib\jsse.jar;C:\Program Files (x86)\Java\jre1.8.0_101\lib\jce.jar;C:\Program Files (x86)\Java\jre1.8.0_101\lib\charsets.jar;C:\Program Files (x86)\Java\jre1.8.0_101\lib\jfr.jar;C:\Program Files (x86)\Java\jre1.8.0_101\classes" />
    <property name="env.COMPUTERNAME" value="KI0158" />
    <property name="env.CommonProgramW6432" value="C:\Program Files\Common Files" />
    <property name="env.ALLUSERSPROFILE" value="C:\ProgramData" />
    <property name="sun.desktop" value="windows" />
    <property name="java.vm.specification.vendor" value="Oracle Corporation" />
    <property name="ant.home" value="E:\apache-ant-1.9.7" />
    <property name="java.runtime.version" value="1.8.0_101-b13" />
    <property name="env.BUILD_DISPLAY_NAME" value="#11" />
    <property name="env.HOMEPATH" value="\Users\Sai" />
    <property name="env.TFS_DIR" value="C:\Program Files\ThinkVantage Fingerprint Software\" />
    <property name="user.name" value="Sai" />
    <property name="user.language" value="en" />
    <property name="sun.boot.library.path" value="C:\Program Files (x86)\Java\jre1.8.0_101\bin" />
    <property name="ant.file.type.BDD" value="file" />
    <property name="ant.project.default-target" value="build" />
    <property name="ant.project.name" value="BDD" />
    <property name="java.version" value="1.8.0_101" />
    <property name="env.PROCESSOR_IDENTIFIER" value="Intel64 Family 6 Model 58 Stepping 9, GenuineIntel" />
    <property name="user.timezone" value="" />
    <property name="env.NODE_NAME" value="master" />
    <property name="env.TEMP" value="C:\Users\Sai\AppData\Local\Temp" />
    <property name="sun.arch.data.model" value="32" />
    <property name="java.endorsed.dirs" value="C:\Program Files (x86)\Java\jre1.8.0_101\lib\endorsed" />
    <property name="env.PROCESSOR_ARCHITEW6432" value="AMD64" />
    <property name="env._JAVACMD" value="java.exe" />
    <property name="sun.cpu.isalist" value="pentium_pro+mmx pentium_pro pentium+mmx pentium i486 i386 i86" />
    <property name="env.HOMEDRIVE" value="C:" />
    <property name="sun.jnu.encoding" value="Cp1252" />
    <property name="file.encoding.pkg" value="sun.io" />
    <property name="env.VS110COMNTOOLS" value="C:\Program Files (x86)\Microsoft Visual Studio 11.0\Common7\Tools\" />
    <property name="ECLIPSE_HOME" value="E:/EclipseNeon/eclipse/" />
    <property name="file.separator" value="\" />
    <property name="java.specification.name" value="Java Platform API Specification" />
    <property name="java.class.version" value="52.0" />
    <property name="user.country" value="US" />
    <property name="env.BUILD_NUMBER" value="11" />
    <property name="java.home" value="C:\Program Files (x86)\Java\jre1.8.0_101" />
    <property name="env.PSModulePath" value="C:\WINDOWS\system32\WindowsPowerShell\v1.0\Modules\;C:\Program Files (x86)\AutoIt3\AutoItX" />
    <property name="env.APPDATA" value="C:\Users\Sai\AppData\Roaming" />
    <property name="env.PUBLIC" value="C:\Users\Public" />
    <property name="java.vm.info" value="mixed mode" />
    <property name="env.ComSpec" value="C:\WINDOWS\system32\cmd.exe" />
    <property name="env.OS" value="Windows_NT" />
    <property name="env.CommonProgramFiles" value="C:\Program Files (x86)\Common Files" />
    <property name="ant.file" value="C:\Users\Sai\workspace\BDD\build.xml" />
    <property name="os.version" value="10.0" />
    <property name="env.=ExitCode" value="00000082" />
    <property name="env.ProgramW6432" value="C:\Program Files" />
    <property name="env._USE_CLASSPATH" value="no" />
    <property name="env.configsetroot" value="C:\WINDOWS\ConfigSetRoot" />
    <property name="env.HUDSON_COOKIE" value="ff5d05f8-9caa-4c3f-b949-74b395848dbb" />
    <property name="path.separator" value=";" />
    <property name="java.vm.version" value="25.101-b13" />
    <property name="env.USERPROFILE" value="C:\Users\Sai" />
    <property name="user.variant" value="" />
    <property name="ant.library.dir" value="E:\apache-ant-1.9.7\lib" />
    <property name="junit.output.dir" value="junit" />
    <property name="env.JOB_NAME" value="BDD" />
    <property name="java.awt.printerjob" value="sun.awt.windows.WPrinterJob" />
    <property name="env.FPS_BROWSER_USER_PROFILE_STRING" value="Default" />
    <property name="env.TMP" value="C:\Users\Sai\AppData\Local\Temp" />
    <property name="sun.io.unicode.encoding" value="UnicodeLittle" />
    <property name="awt.toolkit" value="sun.awt.windows.WToolkit" />
    <property name="user.script" value="" />
    <property name="env.HUDSON_URL" value="http://localhost:8080/" />
    <property name="env.BUILD_TAG" value="jenkins-BDD-11" />
    <property name="target" value="1.8" />
    <property name="user.home" value="C:\Users\Sai" />
    <property name="env.JENKINS_HOME" value="C:\Users\Sai\.jenkins" />
    <property name="env.ProgramData" value="C:\ProgramData" />
    <property name="env.JOB_URL" value="http://localhost:8080/job/BDD/" />
    <property name="env.SESSIONNAME" value="Console" />
    <property name="env.ProgramFiles(x86)" value="C:\Program Files (x86)" />
    <property name="java.specification.vendor" value="Oracle Corporation" />
    <property name="java.vendor.url" value="http://java.oracle.com/" />
    <property name="java.library.path" value="C:\Program Files (x86)\Java\jre1.8.0_101\bin;C:\WINDOWS\Sun\Java\bin;C:\WINDOWS\system32;C:\WINDOWS;C:\ProgramData\Oracle\Java\javapath;C:\Program Files (x86)\Intel\iCLS Client\;C:\Program Files\Intel\iCLS Client\;C:\WINDOWS\system32;C:\WINDOWS;C:\WINDOWS\System32\Wbem;C:\WINDOWS\System32\WindowsPowerShell\v1.0\;C:\Program Files\ThinkPad\Bluetooth Software\;C:\Program Files\ThinkPad\Bluetooth Software\syswow64;C:\Program Files\Intel\Intel(R) Management Engine Components\DAL;C:\Program Files\Intel\Intel(R) Management Engine Components\IPT;C:\Program Files (x86)\Intel\Intel(R) Management Engine Components\DAL;C:\Program Files (x86)\Intel\Intel(R) Management Engine Components\IPT;C:\Program Files (x86)\Intel\OpenCL SDK\2.0\bin\x86;C:\Program Files (x86)\Intel\OpenCL SDK\2.0\bin\x64;C:\ProgramData\Lenovo\ReadyApps;C:\Program Files\nodejs\;C:\Users\Sai Raja\AppData\Local\Programs\Python\Python35-32;C:\Users\Sai Raja\AppData\Local\Programs\Python\Python35-32\Scripts;C:\Program Files\OpenVPN\bin;E:\Automation\EnterpriseAdminAutomation\executabledrivers;E:\apache-ant-1.9.7\bin;C:\Program Files\nodejs\node_modules\npm\bin;C:\Users\Sai\Downloads\putty;C:\Python27;GYP_MSVS_VERSION=2015;C:\Program Files\Microsoft SQL Server\110\Tools\Binn\;C:\Users\Sai\node_modules\newman\bin\;C:\Users\Sai\node_modules\newman;C:\node_modules\newman\bin;C:\node_modules\.bin;%date%;%time%;C:\Users\Sai\.jenkins\plugins\cucumber-reports\WEB-INF\lib;C:\Users\Sai\Downloads\casperjs-1.1.1\casperjs-1.1.1\bin;E:\apache-ant-1.9.7\lib;C:\Program Files\Sublime Text 3;C:\Program Files (x86)\Skype\Phone\;E:\EAutomation\EnterpriseAdminAutomation\executabledrivers;C:\Users\Sai\Downloads\cucmberjars\geckodriver-v0.11.1-win64;C:\Ruby23-x64\bin;C:\Users\Sai\AppData\Local\Microsoft\WindowsApps;;." />
    <property name="env.NUMBER_OF_PROCESSORS" value="4" />
    <property name="env.HUDSON_HOME" value="C:\Users\Sai\.jenkins" />
    <property name="env.HUDSON_SERVER_COOKIE" value="01ee5fec1aa35264" />
    <property name="java.vm.vendor" value="Oracle Corporation" />
    <property name="java.runtime.name" value="Java(TM) SE Runtime Environment" />
    <property name="ant.version" value="Apache Ant(TM) version 1.9.7 compiled on April 9 2016" />
    <property name="sun.java.command" value="org.apache.tools.ant.taskdefs.optional.junit.JUnitTestRunner AutomationRunner.AutomationRunner skipNonTests=false filtertrace=true haltOnError=false haltOnFailure=false formatter=org.apache.tools.ant.taskdefs.optional.junit.OutErrSummaryJUnitResultFormatter showoutput=false outputtoformatters=true logfailedtests=true threadid=0 logtestlistenerevents=false formatter=org.apache.tools.ant.taskdefs.optional.junit.XMLJUnitResultFormatter,C:\Users\Sai\workspace\BDD\junit\TEST-AutomationRunner.AutomationRunner.xml crashfile=C:\Users\Sai\workspace\BDD\junitvmwatcher3025525618303355925.properties propsfile=C:\Users\Sai\workspace\BDD\junit8770180814575925668.properties" />
    <property name="java.class.path" value="C:\Users\Sai\workspace\BDD\bin;C:\Users\Sai\.p2\pool\plugins\org.junit_4.12.0.v201504281640\junit.jar;C:\Users\Sai\.p2\pool\plugins\org.hamcrest.core_1.3.0.v201303031735.jar;C:\Users\Sai\.p2\pool\plugins\org.testng.eclipse_6.9.13.201609291640\lib\testng.jar;C:\Users\Sai\.p2\pool\plugins\org.testng.eclipse_6.9.13.201609291640\lib\jcommander.jar;C:\Users\Sai\.p2\pool\plugins\org.testng.eclipse_6.9.13.201609291640\lib\bsh-2.0b4.jar;C:\Users\Sai\.p2\pool\plugins\org.testng.eclipse_6.9.13.201609291640\lib\snakeyaml.jar;C:\Users\Sai\workspace\BDD\libs\cglib-nodep-3.2.4.jar;C:\Users\Sai\workspace\BDD\libs\client-combined-3.0.1-nodeps.jar;C:\Users\Sai\workspace\BDD\libs\commons-codec-1.10.jar;C:\Users\Sai\workspace\BDD\libs\commons-exec-1.3.jar;C:\Users\Sai\workspace\BDD\libs\commons-io-2.5.jar;C:\Users\Sai\workspace\BDD\libs\commons-lang3-3.4.jar;C:\Users\Sai\workspace\BDD\libs\commons-logging-1.2.jar;C:\Users\Sai\workspace\BDD\libs\cssparser-0.9.20.jar;C:\Users\Sai\workspace\BDD\libs\cucumber-core-1.2.3.jar;C:\Users\Sai\workspace\BDD\libs\cucumber-html-0.2.3.jar;C:\Users\Sai\workspace\BDD\libs\cucumber-java-1.2.4.jar;C:\Users\Sai\workspace\BDD\libs\cucumber-junit-1.2.4.jar;C:\Users\Sai\workspace\BDD\libs\cucumber-jvm-deps-1.0.5.jar;C:\Users\Sai\workspace\BDD\libs\gherkin-2.12.2.jar;C:\Users\Sai\workspace\BDD\libs\gson-2.3.1.jar;C:\Users\Sai\workspace\BDD\libs\guava-19.0.jar;C:\Users\Sai\workspace\BDD\libs\hamcrest-core-1.3.jar;C:\Users\Sai\workspace\BDD\libs\hamcrest-library-1.3.jar;C:\Users\Sai\workspace\BDD\libs\htmlunit-2.23.jar;C:\Users\Sai\workspace\BDD\libs\htmlunit-core-js-2.23.jar;C:\Users\Sai\workspace\BDD\libs\httpclient-4.5.2.jar;C:\Users\Sai\workspace\BDD\libs\httpcore-4.4.4.jar;C:\Users\Sai\workspace\BDD\libs\httpmime-4.5.2.jar;C:\Users\Sai\workspace\BDD\libs\javax.servlet-api-3.1.0.jar;C:\Users\Sai\workspace\BDD\libs\jchronic-0.2.6.jar;C:\Users\Sai\workspace\BDD\libs\jetty-io-9.2.13.v20150730.jar;C:\Users\Sai\workspace\BDD\libs\jetty-util-9.2.13.v20150730.jar;C:\Users\Sai\workspace\BDD\libs\jna-4.1.0.jar;C:\Users\Sai\workspace\BDD\libs\jna-platform-4.1.0.jar;C:\Users\Sai\workspace\BDD\libs\junit-4.12.jar;C:\Users\Sai\workspace\BDD\libs\neko-htmlunit-2.23.jar;C:\Users\Sai\workspace\BDD\libs\netty-3.5.7.Final.jar;C:\Users\Sai\workspace\BDD\libs\phantomjsdriver-1.3.0.jar;C:\Users\Sai\workspace\BDD\libs\sac-1.3.jar;C:\Users\Sai\workspace\BDD\libs\selenium-server-standalone-3.0.1.jar;C:\Users\Sai\workspace\BDD\libs\serializer-2.7.2.jar;C:\Users\Sai\workspace\BDD\libs\websocket-api-9.2.15.v20160210.jar;C:\Users\Sai\workspace\BDD\libs\websocket-client-9.2.15.v20160210.jar;C:\Users\Sai\workspace\BDD\libs\websocket-common-9.2.15.v20160210.jar;C:\Users\Sai\workspace\BDD\libs\xalan-2.7.2.jar;C:\Users\Sai\workspace\BDD\libs\xercesImpl-2.11.0.jar;C:\Users\Sai\workspace\BDD\libs\xml-apis-1.4.01.jar;E:\apache-ant-1.9.7\lib\junit-4.11.jar;E:\apache-ant-1.9.7\lib\ant-launcher.jar;E:\apache-ant-1.9.7\lib\ant.jar;E:\apache-ant-1.9.7\lib\ant-junit.jar;E:\apache-ant-1.9.7\lib\ant-junit4.jar" />
    <property name="env.EXECUTOR_NUMBER" value="0" />
    <property name="env.READYAPPS" value="C:\ProgramData\Lenovo\ReadyApps" />
    <property name="java.vm.specification.name" value="Java Virtual Machine Specification" />
    <property name="ant.file.type" value="file" />
    <property name="env.windir" value="C:\WINDOWS" />
    <property name="env.LOGONSERVER" value="\\KI0158" />
    <property name="env.PROCESSOR_ARCHITECTURE" value="x86" />
    <property name="java.vm.specification.version" value="1.8" />
    <property name="sun.cpu.endian" value="little" />
    <property name="sun.os.patch.level" value="" />
    <property name="debuglevel" value="source,lines,vars" />
    <property name="env.ANT_HOME" value="E:\apache-ant-1.9.7" />
    <property name="env.ProgramFiles" value="C:\Program Files (x86)" />
    <property name="java.io.tmpdir" value="C:\Users\Sai\AppData\Local\Temp\" />
    <property name="env.BUILD_URL" value="http://localhost:8080/job/BDD/11/" />
    <property name="env.PROCESSOR_REVISION" value="3a09" />
    <property name="env.CommonProgramFiles(x86)" value="C:\Program Files (x86)\Common Files" />
    <property name="java.vendor.url.bug" value="http://bugreport.sun.com/bugreport/" />
    <property name="env.SystemRoot" value="C:\WINDOWS" />
    <property name="env.FPS_BROWSER_APP_PROFILE_STRING" value="Internet Explorer" />
    <property name="java.awt.graphicsenv" value="sun.awt.Win32GraphicsEnvironment" />
    <property name="env.ANT_CMD_LINE_ARGS" value=" -file build.xml &quot;AutomationRunner (1)&quot;" />
    <property name="os.arch" value="x86" />
    <property name="java.ext.dirs" value="C:\Program Files (x86)\Java\jre1.8.0_101\lib\ext;C:\WINDOWS\Sun\Java\lib\ext" />
    <property name="env.LOCALAPPDATA" value="C:\Users\Sai\AppData\Local" />
    <property name="env.BUILD_ID" value="11" />
    <property name="user.dir" value="C:\Users\Sai\workspace\BDD" />
    <property name="line.separator" value="&#xd;&#xa;" />
    <property name="env.JENKINS_URL" value="http://localhost:8080/" />
    <property name="java.vm.name" value="Java HotSpot(TM) Client VM" />
    <property name="env.PATHEXT" value=".COM;.EXE;.BAT;.CMD;.VBS;.VBE;.JS;.JSE;.WSF;.WSH;.MSC;.RB;.RBW" />
    <property name="env.Path" value="C:\ProgramData\Oracle\Java\javapath;C:\Program Files (x86)\Intel\iCLS Client\;C:\Program Files\Intel\iCLS Client\;C:\WINDOWS\system32;C:\WINDOWS;C:\WINDOWS\System32\Wbem;C:\WINDOWS\System32\WindowsPowerShell\v1.0\;C:\Program Files\ThinkPad\Bluetooth Software\;C:\Program Files\ThinkPad\Bluetooth Software\syswow64;C:\Program Files\Intel\Intel(R) Management Engine Components\DAL;C:\Program Files\Intel\Intel(R) Management Engine Components\IPT;C:\Program Files (x86)\Intel\Intel(R) Management Engine Components\DAL;C:\Program Files (x86)\Intel\Intel(R) Management Engine Components\IPT;C:\Program Files (x86)\Intel\OpenCL SDK\2.0\bin\x86;C:\Program Files (x86)\Intel\OpenCL SDK\2.0\bin\x64;C:\ProgramData\Lenovo\ReadyApps;C:\Program Files\nodejs\;C:\Users\Sai Raja\AppData\Local\Programs\Python\Python35-32;C:\Users\Sai Raja\AppData\Local\Programs\Python\Python35-32\Scripts;C:\Program Files\OpenVPN\bin;E:\Automation\EnterpriseAdminAutomation\executabledrivers;E:\apache-ant-1.9.7\bin;C:\Program Files\nodejs\node_modules\npm\bin;C:\Users\Sai\Downloads\putty;C:\Python27;GYP_MSVS_VERSION=2015;C:\Program Files\Microsoft SQL Server\110\Tools\Binn\;C:\Users\Sai\node_modules\newman\bin\;C:\Users\Sai\node_modules\newman;C:\node_modules\newman\bin;C:\node_modules\.bin;%date%;%time%;C:\Users\Sai\.jenkins\plugins\cucumber-reports\WEB-INF\lib;C:\Users\Sai\Downloads\casperjs-1.1.1\casperjs-1.1.1\bin;E:\apache-ant-1.9.7\lib;C:\Program Files\Sublime Text 3;C:\Program Files (x86)\Skype\Phone\;E:\EAutomation\EnterpriseAdminAutomation\executabledrivers;C:\Users\Sai\Downloads\cucmberjars\geckodriver-v0.11.1-win64;C:\Ruby23-x64\bin;C:\Users\Sai\AppData\Local\Microsoft\WindowsApps;" />
    <property name="basedir" value="C:\Users\Sai\workspace\BDD" />
    <property name="ant.java.version" value="1.8" />
    <property name="ant.core.lib" value="E:\apache-ant-1.9.7\lib\ant.jar" />
    <property name="ant.file.BDD" value="C:\Users\Sai\workspace\BDD\build.xml" />
    <property name="env.USERNAME" value="Sai" />
    <property name="source" value="1.8" />
    <property name="env.SystemDrive" value="C:" />
    <property name="file.encoding" value="Cp1252" />
    <property name="env.WORKSPACE" value="C:\Users\Sai\workspace\BDD" />
    <property name="env.USERDOMAIN" value="KI0158" />
    <property name="java.specification.version" value="1.8" />
    <property name="env.=C:" value="C:\Users\Sai\workspace\BDD" />
    <property name="ant.project.invoked-targets" value="AutomationRunner (1)" />
    <property name="env.VBOX_MSI_INSTALL_PATH" value="C:\Program Files\Oracle\VirtualBox\" />
    <property name="env.NODE_LABELS" value="master" />
    <property name="env.PROCESSOR_LEVEL" value="6" />
  </properties>
  <testcase classname="Scenario: Login successful" name="Given user navigates to Amazon" time="0.001" />
  <testcase classname="Scenario: Login successful" name="When I enter correct username and password" time="0.0" />
  <testcase classname="Scenario: Login successful" name="Then login should be successful" time="0.0" />
  <testcase classname="junit.framework.TestSuite" name="Scenario: Login successful" time="29.485" />
  <system-out><![CDATA[Feature: Some terse yet descriptive text of what is desired
  In order to realize a named business value
  As an explicit system actor
  I want to gain some beneficial outcome which furthers the goal
C:\Users\Sai\workspace\BDD\Properties\config.properties
C:\Users\Sai\workspace\BDD\Properties\config.properties
1
2
3
C:\Users\Sai\workspace\BDD\Properties\config.properties
1
2
3
C:\Users\Sai\workspace\BDD\Properties\config.properties
C:\Users\Sai\workspace\BDD\Properties\config.properties
1
2
3
C:\Users\Sai\workspace\BDD\Properties\config.properties
C:\Users\Sai\workspace\BDD\Properties\config.properties
1
2
3
C:\Users\Sai\workspace\BDD\Properties\config.properties
1
2
3

  Scenario: Login successful                   [90m# feature.feature:6[0m
    [32mGiven [0m[32muser navigates to Amazon[0m             [90m# stepdefinition.user_navigates_to_Amazon()[0m
    [32mWhen [0m[32mI enter correct username and password[0m [90m# stepdefinition.i_enter_correct_username_and_password()[0m
    [32mThen [0m[32mlogin should be successful[0m            [90m# stepdefinition.login_should_be_successful()[0m

1 Scenarios ([32m1 passed[0m)
3 Steps ([32m3 passed[0m)
0m29.473s

]]></system-out>
  <system-err><![CDATA[1479315244246	geckodriver	INFO	Listening on 127.0.0.1:37797
Nov 16, 2016 10:24:04 PM org.openqa.selenium.remote.ProtocolHandshake createSession
INFO: Attempting bi-dialect session, assuming Postel's Law holds true on the remote end
1479315244861	mozprofile::profile	INFO	Using profile path C:\Users\Sai\AppData\Local\Temp\rust_mozprofile.es7DhXOKSktG
1479315244863	geckodriver::marionette	INFO	Starting browser C:\Program Files (x86)\Mozilla Firefox\firefox.exe
1479315244868	geckodriver::marionette	INFO	Connecting to Marionette on localhost:51108
1479315246040	Marionette	INFO	Listening on port 51108
1479315251020	Marionette	INFO	startBrowser 393515c5-5db0-4db0-8616-16b7e3727786
Nov 16, 2016 10:24:11 PM org.openqa.selenium.remote.ProtocolHandshake createSession
INFO: Detected dialect: W3C
[Child 19108] WARNING: pipe error: 232: file c:/builds/moz2_slave/m-rel-w32-00000000000000000000/build/src/ipc/chromium/src/chrome/common/ipc_channel_win.cc, line 513
[Child 19108] ###!!! ABORT: Aborting on channel error.: file c:/builds/moz2_slave/m-rel-w32-00000000000000000000/build/src/ipc/glue/MessageChannel.cpp, line 2052
[NPAPI 15896] ###!!! ABORT: Aborting on channel error.: file c:/builds/moz2_slave/m-rel-w32-00000000000000000000/build/src/ipc/glue/MessageChannel.cpp, line 2052
Nov 16, 2016 10:24:33 PM org.openqa.selenium.os.UnixProcess destroy
SEVERE: Unable to kill process with PID 17176
]]></system-err>
</testsuite>
